<?xml version="1.0" encoding="UTF-8"?>
<!-- Generated by org.testng.reporters.JUnitReportReporter -->
<testsuite hostname="DESKTOP-3S99A5H" failures="0" tests="3" name="listeners.TestNGListenerDemo2" time="0.024" errors="0" timestamp="2021-10-01T06:16:05 IST" skipped="0">
  <testcase classname="listeners.TestNGListenerDemo2" name="test6" time="0.002"/>
  <system-out/>
  <testcase classname="listeners.TestNGListenerDemo2" name="test5" time="0.012"/>
  <system-out/>
  <testcase classname="listeners.TestNGListenerDemo2" name="test4" time="0.010"/>
  <system-out/>
</testsuite> <!-- listeners.TestNGListenerDemo2 -->
