<?xml version="1.0" encoding="UTF-8"?>
<!-- Generated by org.testng.reporters.JUnitReportReporter -->
<testsuite hostname="DESKTOP-3S99A5H" failures="0" tests="1" name="wait.ImplicitWaitDemo" time="38.585" errors="0" timestamp="2021-10-11T16:31:04 IST" skipped="0">
  <testcase classname="wait.ImplicitWaitDemo" name="guru99tutorials" time="38.585"/>
  <system-out/>
</testsuite> <!-- wait.ImplicitWaitDemo -->
