<?xml version="1.0" encoding="UTF-8"?>
<!-- Generated by org.testng.reporters.JUnitReportReporter -->
<testsuite hostname="DESKTOP-3S99A5H" failures="0" tests="3" name="testng.TestngDependencyDemo" time="0.026" errors="0" timestamp="2021-10-08T08:26:35 IST" skipped="0">
  <testcase classname="testng.TestngDependencyDemo" name="test3" time="0.007"/>
  <system-out/>
  <testcase classname="testng.TestngDependencyDemo" name="test1" time="0.002"/>
  <system-out/>
  <testcase classname="testng.TestngDependencyDemo" name="test2" time="0.017"/>
  <system-out/>
</testsuite> <!-- testng.TestngDependencyDemo -->
