<?xml version="1.0" encoding="UTF-8"?>
<!-- Generated by org.testng.reporters.JUnitReportReporter -->
<testsuite hostname="DESKTOP-3S99A5H" failures="0" tests="2" name="testng.TestngIgnoreDemo" time="0.027" errors="0" timestamp="2021-10-08T16:38:14 IST" skipped="0">
  <testcase classname="testng.TestngIgnoreDemo" name="test2" time="0.018"/>
  <system-out/>
  <testcase classname="testng.TestngIgnoreDemo" name="test3" time="0.009"/>
  <system-out/>
</testsuite> <!-- testng.TestngIgnoreDemo -->
