<?xml version="1.0" encoding="UTF-8"?>
<!-- Generated by org.testng.reporters.JUnitReportReporter -->
<testsuite hostname="DESKTOP-3S99A5H" failures="0" tests="1" name="testng.OpensourceLoginDemo" time="10.022" errors="0" timestamp="2021-10-10T07:39:26 IST" skipped="0">
  <testcase classname="testng.OpensourceLoginDemo" name="testOpensourceLoginDemo" time="10.022"/>
  <system-out/>
</testsuite> <!-- testng.OpensourceLoginDemo -->
