<?xml version="1.0" encoding="UTF-8"?>
<!-- Generated by org.testng.reporters.JUnitReportReporter -->
<testsuite hostname="DESKTOP-3S99A5H" failures="0" tests="3" name="listeners.TestNGListenerDemo2" time="0.015" errors="0" timestamp="2021-10-01T21:31:33 IST" skipped="0">
  <testcase classname="listeners.TestNGListenerDemo2" name="test5" time="0.005"/>
  <system-out/>
  <testcase classname="listeners.TestNGListenerDemo2" name="test4" time="0.006"/>
  <system-out/>
  <testcase classname="listeners.TestNGListenerDemo2" name="test6" time="0.004"/>
  <system-out/>
</testsuite> <!-- listeners.TestNGListenerDemo2 -->
