<?xml version="1.0" encoding="UTF-8"?>
<!-- Generated by org.testng.reporters.JUnitReportReporter -->
<testsuite hostname="DESKTOP-3S99A5H" failures="0" tests="2" name="testng.TestNGMultipleBrowsersDemo" time="22.752" errors="0" timestamp="2021-10-01T19:08:40 IST" skipped="0">
  <testcase classname="testng.TestNGMultipleBrowsersDemo" name="test1" time="6.868"/>
  <system-out/>
  <testcase classname="testng.TestNGMultipleBrowsersDemo" name="test1" time="15.884"/>
  <system-out/>
</testsuite> <!-- testng.TestNGMultipleBrowsersDemo -->
