<?xml version="1.0" encoding="UTF-8"?>
<!-- Generated by org.testng.reporters.JUnitReportReporter -->
<testsuite hostname="DESKTOP-3S99A5H" failures="0" tests="2" name="utils.ExcelDataProvider" time="9.445" errors="0" timestamp="2021-09-28T15:28:47 IST" skipped="0">
  <testcase classname="utils.ExcelDataProvider" name="test1" time="3.222"/>
  <system-out/>
  <testcase classname="utils.ExcelDataProvider" name="test1" time="6.223"/>
  <system-out/>
</testsuite> <!-- utils.ExcelDataProvider -->
