<?xml version="1.0" encoding="UTF-8"?>
<!-- Generated by org.testng.reporters.JUnitReportReporter -->
<testsuite hostname="DESKTOP-3S99A5H" failures="0" tests="6" name="groups.TestngGroupsDemo" time="0.031" errors="0" timestamp="2021-10-05T16:27:10 IST" skipped="0">
  <testcase classname="groups.TestngGroupsDemo" name="test2" time="0.008"/>
  <system-out/>
  <testcase classname="groups.TestngGroupsDemo" name="test6" time="0.002"/>
  <system-out/>
  <testcase classname="groups.TestngGroupsDemo" name="test3" time="0.003"/>
  <system-out/>
  <testcase classname="groups.TestngGroupsDemo" name="test4" time="0.002"/>
  <system-out/>
  <testcase classname="groups.TestngGroupsDemo" name="test5" time="0.002"/>
  <system-out/>
  <testcase classname="groups.TestngGroupsDemo" name="test1" time="0.014"/>
  <system-out/>
</testsuite> <!-- groups.TestngGroupsDemo -->
