<?xml version="1.0" encoding="UTF-8"?>
<!-- Generated by org.testng.reporters.JUnitReportReporter -->
<testsuite hostname="DESKTOP-3S99A5H" failures="0" tests="1" name="testng.TestngParametersDemo" time="0.012" errors="0" timestamp="2021-10-08T07:39:04 IST" skipped="0">
  <testcase classname="testng.TestngParametersDemo" name="test" time="0.012"/>
  <system-out/>
</testsuite> <!-- testng.TestngParametersDemo -->
